Microsoft HTML Help Compiler 4.74.8702

Compiling c:\Documents and Settings\neiroman\Мои документы\Unnamed Site 1\help\RES\help.chm


Compile time: 0 minutes, 0 seconds
22	Topics
30	Local links
6	Internet links
0	Graphics


Created c:\Documents and Settings\neiroman\Мои документы\Unnamed Site 1\help\RES\help.chm, 20,864 bytes
Compression decreased file by 19,048 bytes.
Microsoft HTML Help Compiler 4.74.8702

Compiling c:\Documents and Settings\neiroman\Мои документы\Unnamed Site 1\help\RES\help.chm


Compile time: 0 minutes, 0 seconds
22	Topics
30	Local links
6	Internet links
0	Graphics


Created c:\Documents and Settings\neiroman\Мои документы\Unnamed Site 1\help\RES\help.chm, 20,990 bytes
Compression decreased file by 19,746 bytes.
Microsoft HTML Help Compiler 4.74.8702

Compiling c:\Documents and Settings\neiroman\Мои документы\Unnamed Site 1\help\RES\help.chm


Compile time: 0 minutes, 0 seconds
22	Topics
30	Local links
6	Internet links
0	Graphics


Created c:\Documents and Settings\neiroman\Мои документы\Unnamed Site 1\help\RES\help.chm, 20,972 bytes
Compression decreased file by 19,719 bytes.
Microsoft HTML Help Compiler 4.74.8702

Compiling c:\Documents and Settings\neiroman\Мои документы\Unnamed Site 1\help\RES\help.chm


Compile time: 0 minutes, 0 seconds
22	Topics
30	Local links
6	Internet links
0	Graphics


Created c:\Documents and Settings\neiroman\Мои документы\Unnamed Site 1\help\RES\help.chm, 20,974 bytes
Compression decreased file by 19,717 bytes.
Microsoft HTML Help Compiler 4.74.8702

Compiling c:\Documents and Settings\neiroman\Мои документы\Unnamed Site 1\help\RES\help.chm


Compile time: 0 minutes, 0 seconds
22	Topics
30	Local links
6	Internet links
0	Graphics


Created c:\Documents and Settings\neiroman\Мои документы\Unnamed Site 1\help\RES\help.chm, 20,964 bytes
Compression decreased file by 19,730 bytes.
Microsoft HTML Help Compiler 4.74.8702

Compiling c:\Documents and Settings\neiroman\Мои документы\Unnamed Site 1\help\RES\help.chm


Compile time: 0 minutes, 0 seconds
22	Topics
30	Local links
6	Internet links
0	Graphics


Created c:\Documents and Settings\neiroman\Мои документы\Unnamed Site 1\help\RES\help.chm, 20,938 bytes
Compression decreased file by 19,473 bytes.
Microsoft HTML Help Compiler 4.74.8702

Compiling c:\Documents and Settings\neiroman\Мои документы\Unnamed Site 1\help\RES\help.chm


Compile time: 0 minutes, 0 seconds
22	Topics
30	Local links
6	Internet links
0	Graphics


Created c:\Documents and Settings\neiroman\Мои документы\Unnamed Site 1\help\RES\help.chm, 20,928 bytes
Compression decreased file by 19,415 bytes.
