Microsoft HTML Help Compiler 4.74.8702

Compiling c:\Documents and Settings\neiroman\Мои документы\Unnamed Site 1\help\RES\help.chm


Compile time: 0 minutes, 0 seconds
9	Topics
10	Local links
0	Internet links
0	Graphics


Created c:\Documents and Settings\neiroman\Мои документы\Unnamed Site 1\help\RES\help.chm, 16,156 bytes
Compression decreased file by 3,037 bytes.
Microsoft HTML Help Compiler 4.74.8702

Compiling c:\Documents and Settings\neiroman\Мои документы\Unnamed Site 1\help\RES\help.chm


Compile time: 0 minutes, 0 seconds
9	Topics
11	Local links
0	Internet links
0	Graphics


Created c:\Documents and Settings\neiroman\Мои документы\Unnamed Site 1\help\RES\help.chm, 16,170 bytes
Compression decreased file by 3,080 bytes.
HHC5010: Error: Cannot open "c:\Documents and Settings\neiroman\Мои документы\Unnamed Site 1\help\RES\help.chm". Compilation stopped.
Microsoft HTML Help Compiler 4.74.8702

Compiling c:\Documents and Settings\neiroman\Мои документы\Unnamed Site 1\help\RES\help.chm


Compile time: 0 minutes, 0 seconds
9	Topics
11	Local links
0	Internet links
0	Graphics


Created c:\Documents and Settings\neiroman\Мои документы\Unnamed Site 1\help\RES\help.chm, 16,174 bytes
Compression decreased file by 3,082 bytes.
Microsoft HTML Help Compiler 4.74.8702

Compiling c:\Documents and Settings\neiroman\Мои документы\Unnamed Site 1\help\RES\help.chm


Compile time: 0 minutes, 0 seconds
14	Topics
16	Local links
0	Internet links
0	Graphics


Created c:\Documents and Settings\neiroman\Мои документы\Unnamed Site 1\help\RES\help.chm, 16,462 bytes
Compression decreased file by 4,509 bytes.
Microsoft HTML Help Compiler 4.74.8702

Compiling c:\Documents and Settings\neiroman\Мои документы\Unnamed Site 1\help\RES\help.chm


Compile time: 0 minutes, 0 seconds
14	Topics
16	Local links
0	Internet links
0	Graphics


Created c:\Documents and Settings\neiroman\Мои документы\Unnamed Site 1\help\RES\help.chm, 16,482 bytes
Compression decreased file by 4,822 bytes.
Microsoft HTML Help Compiler 4.74.8702

Compiling c:\Documents and Settings\neiroman\Мои документы\Unnamed Site 1\help\RES\help.chm


Compile time: 0 minutes, 0 seconds
16	Topics
18	Local links
0	Internet links
0	Graphics


Created c:\Documents and Settings\neiroman\Мои документы\Unnamed Site 1\help\RES\help.chm, 17,776 bytes
Compression decreased file by 9,188 bytes.
Microsoft HTML Help Compiler 4.74.8702

Compiling c:\Documents and Settings\neiroman\Мои документы\Unnamed Site 1\help\RES\help.chm


Compile time: 0 minutes, 0 seconds
16	Topics
19	Local links
0	Internet links
0	Graphics


Created c:\Documents and Settings\neiroman\Мои документы\Unnamed Site 1\help\RES\help.chm, 17,792 bytes
Compression decreased file by 9,460 bytes.
Microsoft HTML Help Compiler 4.74.8702

Compiling c:\Documents and Settings\neiroman\Мои документы\Unnamed Site 1\help\RES\help.chm


Compile time: 0 minutes, 0 seconds
18	Topics
23	Local links
0	Internet links
0	Graphics


Created c:\Documents and Settings\neiroman\Мои документы\Unnamed Site 1\help\RES\help.chm, 18,464 bytes
Compression decreased file by 12,567 bytes.
Microsoft HTML Help Compiler 4.74.8702

Compiling c:\Documents and Settings\neiroman\Мои документы\Unnamed Site 1\help\RES\help.chm


Compile time: 0 minutes, 0 seconds
18	Topics
24	Local links
0	Internet links
0	Graphics


Created c:\Documents and Settings\neiroman\Мои документы\Unnamed Site 1\help\RES\help.chm, 18,478 bytes
Compression decreased file by 12,604 bytes.
Microsoft HTML Help Compiler 4.74.8702

Compiling c:\Documents and Settings\neiroman\Мои документы\Unnamed Site 1\help\RES\help.chm


Compile time: 0 minutes, 0 seconds
19	Topics
25	Local links
0	Internet links
0	Graphics


Created c:\Documents and Settings\neiroman\Мои документы\Unnamed Site 1\help\RES\help.chm, 18,678 bytes
Compression decreased file by 13,750 bytes.
Microsoft HTML Help Compiler 4.74.8702

Compiling c:\Documents and Settings\neiroman\Мои документы\Unnamed Site 1\help\RES\help.chm


Compile time: 0 minutes, 0 seconds
21	Topics
27	Local links
0	Internet links
0	Graphics


Created c:\Documents and Settings\neiroman\Мои документы\Unnamed Site 1\help\RES\help.chm, 19,874 bytes
Compression decreased file by 16,427 bytes.
Microsoft HTML Help Compiler 4.74.8702

Compiling c:\Documents and Settings\neiroman\Мои документы\Unnamed Site 1\help\RES\help.chm


Compile time: 0 minutes, 0 seconds
22	Topics
28	Local links
1	Internet link
0	Graphics


Created c:\Documents and Settings\neiroman\Мои документы\Unnamed Site 1\help\RES\help.chm, 19,992 bytes
Compression decreased file by 17,243 bytes.
Microsoft HTML Help Compiler 4.74.8702

Compiling c:\Documents and Settings\neiroman\Мои документы\Unnamed Site 1\help\RES\help.chm


Compile time: 0 minutes, 1 second
22	Topics
28	Local links
1	Internet link
0	Graphics


Created c:\Documents and Settings\neiroman\Мои документы\Unnamed Site 1\help\RES\help.chm, 20,006 bytes
Compression decreased file by 17,245 bytes.
Microsoft HTML Help Compiler 4.74.8702

Compiling c:\Documents and Settings\neiroman\Мои документы\Unnamed Site 1\help\RES\help.chm


Compile time: 0 minutes, 0 seconds
22	Topics
30	Local links
1	Internet link
0	Graphics


Created c:\Documents and Settings\neiroman\Мои документы\Unnamed Site 1\help\RES\help.chm, 20,028 bytes
Compression decreased file by 17,321 bytes.
Microsoft HTML Help Compiler 4.74.8702

Compiling c:\Documents and Settings\neiroman\Мои документы\Unnamed Site 1\help\RES\help.chm


Compile time: 0 minutes, 1 second
22	Topics
30	Local links
1	Internet link
0	Graphics


Created c:\Documents and Settings\neiroman\Мои документы\Unnamed Site 1\help\RES\help.chm, 20,038 bytes
Compression decreased file by 17,365 bytes.
